<?xml version="1.0" encoding="UTF-8"?>
<!-- Generated by org.testng.reporters.JUnitXMLReporter -->
<testsuite ignored="0" hostname="vishalkharwade" failures="1" tests="1" name="Test(failed)" time="9.671" errors="0" timestamp="2022-11-13T23:21:14 IST">
  <testcase classname="POM_With_Pagefactory.UpstoxLoginTest2" name="VarifyUserID1" time="0.476">
    <failure type="java.lang.AssertionError" message="fail: both result not match expected [Vishal k.] but found [Vishal K.]">
      <![CDATA[java.lang.AssertionError: fail: both result not match expected [Vishal k.] but found [Vishal K.]
at POM_With_Pagefactory.UpstoxLoginTest2.VarifyUserID1(UpstoxLoginTest2.java:57)
at java.base/java.util.ArrayList.forEach(ArrayList.java:1541)
... Removed 32 stack frames]]>
    </failure>
  </testcase> <!-- VarifyUserID1 -->
</testsuite> <!-- Test(failed) -->
